#
# There is insufficient memory for the Java Runtime Environment to continue.
# Native memory allocation (mmap) failed to map 77594624 bytes for committing reserved memory.
# Possible reasons:
#   The system is out of physical RAM or swap space
#   In 32 bit mode, the process size limit was hit
# Possible solutions:
#   Reduce memory load on the system
#   Increase physical memory or swap space
#   Check if swap backing store is full
#   Use 64 bit Java on a 64 bit OS
#   Decrease Java heap size (-Xmx/-Xms)
#   Decrease number of Java threads
#   Decrease Java thread stack sizes (-Xss)
#   Set larger code cache with -XX:ReservedCodeCacheSize=
# This output file may be truncated or incomplete.
#
#  Out of Memory Error (os_linux.cpp:2643), pid=18660, tid=0x00007ff14df0c700
#
# JRE version: OpenJDK Runtime Environment (8.0_181-b13) (build 1.8.0_181-8u181-b13-0ubuntu0.16.04.1-b13)
# Java VM: OpenJDK 64-Bit Server VM (25.181-b13 mixed mode linux-amd64 compressed oops)
# Failed to write core dump. Core dumps have been disabled. To enable core dumping, try "ulimit -c unlimited" before starting Java again
#

---------------  T H R E A D  ---------------

Current thread (0x00007ff16413f000):  VMThread [stack: 0x00007ff14de0c000,0x00007ff14df0d000] [id=18666]

Stack: [0x00007ff14de0c000,0x00007ff14df0d000],  sp=0x00007ff14df0b4c0,  free space=1021k
Native frames: (J=compiled Java code, j=interpreted, Vv=VM code, C=native code)
V  [libjvm.so+0xa70edb]
V  [libjvm.so+0x4c893c]
V  [libjvm.so+0x8bda08]
V  [libjvm.so+0x8b7d9e]
V  [libjvm.so+0x933206]
V  [libjvm.so+0x934533]
V  [libjvm.so+0x930bfb]
V  [libjvm.so+0x930eac]
V  [libjvm.so+0x8e27c3]
V  [libjvm.so+0xa72b82]
V  [libjvm.so+0xa77d27]
V  [libjvm.so+0xa75427]
V  [libjvm.so+0xa768af]
V  [libjvm.so+0xa76da1]
V  [libjvm.so+0x8bae12]

VM_Operation (0x00007ff16ca96cf0): ParallelGCFailedAllocation, mode: safepoint, requested by thread 0x00007ff16400a800


---------------  P R O C E S S  ---------------

Java Threads: ( => current thread )
  0x00007ff164187800 JavaThread "Service Thread" daemon [_thread_blocked, id=18673, stack(0x00007ff14cb5a000,0x00007ff14cc5b000)]
  0x00007ff164184800 JavaThread "C1 CompilerThread2" daemon [_thread_blocked, id=18672, stack(0x00007ff14cc5b000,0x00007ff14cd5c000)]
  0x00007ff164182800 JavaThread "C2 CompilerThread1" daemon [_thread_blocked, id=18671, stack(0x00007ff14cd5c000,0x00007ff14ce5d000)]
  0x00007ff16417f800 JavaThread "C2 CompilerThread0" daemon [_thread_blocked, id=18670, stack(0x00007ff14ce5d000,0x00007ff14cf5e000)]
  0x00007ff16417e000 JavaThread "Signal Dispatcher" daemon [_thread_blocked, id=18669, stack(0x00007ff14cf5e000,0x00007ff14d05f000)]
  0x00007ff16414b800 JavaThread "Finalizer" daemon [_thread_blocked, id=18668, stack(0x00007ff14dc0a000,0x00007ff14dd0b000)]
  0x00007ff164146800 JavaThread "Reference Handler" daemon [_thread_blocked, id=18667, stack(0x00007ff14dd0b000,0x00007ff14de0c000)]
  0x00007ff16400a800 JavaThread "main" [_thread_blocked, id=18661, stack(0x00007ff16c999000,0x00007ff16ca9a000)]

Other Threads:
=>0x00007ff16413f000 VMThread [stack: 0x00007ff14de0c000,0x00007ff14df0d000] [id=18666]
  0x00007ff16418a000 WatcherThread [stack: 0x00007ff14ca59000,0x00007ff14cb5a000] [id=18674]

VM state:at safepoint (normal execution)

VM Mutex/Monitor currently owned by a thread:  ([mutex/lock_event])
[0x00007ff164006c00] Threads_lock - owner thread: 0x00007ff16413f000
[0x00007ff164007100] Heap_lock - owner thread: 0x00007ff16400a800

Heap:
 PSYoungGen      total 64000K, used 2533K [0x00000000ec100000, 0x00000000f0200000, 0x0000000100000000)
  eden space 61440K, 0% used [0x00000000ec100000,0x00000000ec100000,0x00000000efd00000)
  from space 2560K, 98% used [0x00000000efd00000,0x00000000eff79758,0x00000000eff80000)
  to   space 2560K, 0% used [0x00000000eff80000,0x00000000eff80000,0x00000000f0200000)
 ParOldGen       total 40960K, used 12790K [0x00000000c4200000, 0x00000000c6a00000, 0x00000000ec100000)
  object space 40960K, 31% used [0x00000000c4200000,0x00000000c4e7d838,0x00000000c6a00000)
 Metaspace       used 15262K, capacity 15422K, committed 15744K, reserved 1062912K
  class space    used 1806K, capacity 1871K, committed 1920K, reserved 1048576K

Card table byte_map: [0x00007ff168e6e000,0x00007ff16904e000] byte_map_base: 0x00007ff16884d000

Marking Bits: (ParMarkBitMap*) 0x00007ff16bc6d3a0
 Begin Bits: [0x00007ff14e210000, 0x00007ff14f108000)
 End Bits:   [0x00007ff14f108000, 0x00007ff150000000)

Polling page: 0x00007ff16cac1000

CodeCache: size=245760Kb used=13402Kb max_used=13415Kb free=232357Kb
 bounds [0x00007ff155000000, 0x00007ff155d30000, 0x00007ff164000000]
 total_blobs=3762 nmethods=3435 adapters=240
 compilation: enabled

Compilation events (10 events):
Event: 70.568 Thread 0x00007ff164184800 3614       3       com.thaiopensource.relaxng.pattern.PatternMemo::dataDerivType (30 bytes)
Event: 70.568 Thread 0x00007ff164184800 nmethod 3614 0x00007ff155cffe50 code [0x00007ff155cfffe0, 0x00007ff155d00478]
Event: 70.569 Thread 0x00007ff164184800 3615       3       com.thaiopensource.datatype.xsd.DatatypeBase::normalizeWhiteSpace (44 bytes)
Event: 70.569 Thread 0x00007ff164184800 nmethod 3615 0x00007ff155d1b750 code [0x00007ff155d1b8c0, 0x00007ff155d1ba98]
Event: 70.569 Thread 0x00007ff164184800 3632       2       net.sf.saxon.expr.XPathContextMajor::setCurrentTemplateRule (6 bytes)
Event: 70.569 Thread 0x00007ff164184800 nmethod 3632 0x00007ff155d1b410 code [0x00007ff155d1b560, 0x00007ff155d1b6d0]
Event: 70.569 Thread 0x00007ff164184800 3626       3       com.thaiopensource.relaxng.pattern.SingleDataDerivType::dataDeriv (26 bytes)
Event: 70.569 Thread 0x00007ff164184800 nmethod 3626 0x00007ff155d1a8d0 code [0x00007ff155d1aa80, 0x00007ff155d1b058]
Event: 70.577 Thread 0x00007ff16417f800 nmethod 3631 0x00007ff155d221d0 code [0x00007ff155d22380, 0x00007ff155d22b28]
Event: 70.578 Thread 0x00007ff16417f800 3629       4       net.sf.saxon.om.StructuredQName::getDisplayName (91 bytes)

GC Heap History (9 events):
Event: 2.243 GC heap before
{Heap before GC invocations=1 (full 0):
 PSYoungGen      total 17920K, used 15360K [0x00000000ec100000, 0x00000000ed500000, 0x0000000100000000)
  eden space 15360K, 100% used [0x00000000ec100000,0x00000000ed000000,0x00000000ed000000)
  from space 2560K, 0% used [0x00000000ed280000,0x00000000ed280000,0x00000000ed500000)
  to   space 2560K, 0% used [0x00000000ed000000,0x00000000ed000000,0x00000000ed280000)
 ParOldGen       total 40960K, used 0K [0x00000000c4200000, 0x00000000c6a00000, 0x00000000ec100000)
  object space 40960K, 0% used [0x00000000c4200000,0x00000000c4200000,0x00000000c6a00000)
 Metaspace       used 6988K, capacity 7140K, committed 7296K, reserved 1056768K
  class space    used 815K, capacity 848K, committed 896K, reserved 1048576K
Event: 2.282 GC heap after
Heap after GC invocations=1 (full 0):
 PSYoungGen      total 17920K, used 2552K [0x00000000ec100000, 0x00000000ee400000, 0x0000000100000000)
  eden space 15360K, 0% used [0x00000000ec100000,0x00000000ec100000,0x00000000ed000000)
  from space 2560K, 99% used [0x00000000ed000000,0x00000000ed27e120,0x00000000ed280000)
  to   space 2560K, 0% used [0x00000000ee180000,0x00000000ee180000,0x00000000ee400000)
 ParOldGen       total 40960K, used 508K [0x00000000c4200000, 0x00000000c6a00000, 0x00000000ec100000)
  object space 40960K, 1% used [0x00000000c4200000,0x00000000c427f1f0,0x00000000c6a00000)
 Metaspace       used 6988K, capacity 7140K, committed 7296K, reserved 1056768K
  class space    used 815K, capacity 848K, committed 896K, reserved 1048576K
}
Event: 2.946 GC heap before
{Heap before GC invocations=2 (full 0):
 PSYoungGen      total 17920K, used 17912K [0x00000000ec100000, 0x00000000ee400000, 0x0000000100000000)
  eden space 15360K, 100% used [0x00000000ec100000,0x00000000ed000000,0x00000000ed000000)
  from space 2560K, 99% used [0x00000000ed000000,0x00000000ed27e120,0x00000000ed280000)
  to   space 2560K, 0% used [0x00000000ee180000,0x00000000ee180000,0x00000000ee400000)
 ParOldGen       total 40960K, used 508K [0x00000000c4200000, 0x00000000c6a00000, 0x00000000ec100000)
  object space 40960K, 1% used [0x00000000c4200000,0x00000000c427f1f0,0x00000000c6a00000)
 Metaspace       used 11926K, capacity 12048K, committed 12160K, reserved 1060864K
  class space    used 1596K, capacity 1650K, committed 1664K, reserved 1048576K
Event: 2.951 GC heap after
Heap after GC invocations=2 (full 0):
 PSYoungGen      total 33280K, used 2341K [0x00000000ec100000, 0x00000000ee400000, 0x0000000100000000)
  eden space 30720K, 0% used [0x00000000ec100000,0x00000000ec100000,0x00000000edf00000)
  from space 2560K, 91% used [0x00000000ee180000,0x00000000ee3c9758,0x00000000ee400000)
  to   space 2560K, 0% used [0x00000000edf00000,0x00000000edf00000,0x00000000ee180000)
 ParOldGen       total 40960K, used 580K [0x00000000c4200000, 0x00000000c6a00000, 0x00000000ec100000)
  object space 40960K, 1% used [0x00000000c4200000,0x00000000c4291200,0x00000000c6a00000)
 Metaspace       used 11926K, capacity 12048K, committed 12160K, reserved 1060864K
  class space    used 1596K, capacity 1650K, committed 1664K, reserved 1048576K
}
Event: 4.025 GC heap before
{Heap before GC invocations=3 (full 0):
 PSYoungGen      total 33280K, used 33061K [0x00000000ec100000, 0x00000000ee400000, 0x0000000100000000)
  eden space 30720K, 100% used [0x00000000ec100000,0x00000000edf00000,0x00000000edf00000)
  from space 2560K, 91% used [0x00000000ee180000,0x00000000ee3c9758,0x00000000ee400000)
  to   space 2560K, 0% used [0x00000000edf00000,0x00000000edf00000,0x00000000ee180000)
 ParOldGen       total 40960K, used 580K [0x00000000c4200000, 0x00000000c6a00000, 0x00000000ec100000)
  object space 40960K, 1% used [0x00000000c4200000,0x00000000c4291200,0x00000000c6a00000)
 Metaspace       used 14001K, capacity 14098K, committed 14336K, reserved 1062912K
  class space    used 1767K, capacity 1789K, committed 1792K, reserved 1048576K
Event: 4.049 GC heap after
Heap after GC invocations=3 (full 0):
 PSYoungGen      total 33280K, used 2533K [0x00000000ec100000, 0x00000000f0200000, 0x0000000100000000)
  eden space 30720K, 0% used [0x00000000ec100000,0x00000000ec100000,0x00000000edf00000)
  from space 2560K, 98% used [0x00000000edf00000,0x00000000ee179758,0x00000000ee180000)
  to   space 2560K, 0% used [0x00000000eff80000,0x00000000eff80000,0x00000000f0200000)
 ParOldGen       total 40960K, used 3206K [0x00000000c4200000, 0x00000000c6a00000, 0x00000000ec100000)
  object space 40960K, 7% used [0x00000000c4200000,0x00000000c4521988,0x00000000c6a00000)
 Metaspace       used 14001K, capacity 14098K, committed 14336K, reserved 1062912K
  class space    used 1767K, capacity 1789K, committed 1792K, reserved 1048576K
}
Event: 68.632 GC heap before
{Heap before GC invocations=4 (full 0):
 PSYoungGen      total 33280K, used 33253K [0x00000000ec100000, 0x00000000f0200000, 0x0000000100000000)
  eden space 30720K, 100% used [0x00000000ec100000,0x00000000edf00000,0x00000000edf00000)
  from space 2560K, 98% used [0x00000000edf00000,0x00000000ee179758,0x00000000ee180000)
  to   space 2560K, 0% used [0x00000000eff80000,0x00000000eff80000,0x00000000f0200000)
 ParOldGen       total 40960K, used 3206K [0x00000000c4200000, 0x00000000c6a00000, 0x00000000ec100000)
  object space 40960K, 7% used [0x00000000c4200000,0x00000000c4521988,0x00000000c6a00000)
 Metaspace       used 14423K, capacity 14574K, committed 14976K, reserved 1062912K
  class space    used 1777K, capacity 1831K, committed 1920K, reserved 1048576K
Event: 68.702 GC heap after
Heap after GC invocations=4 (full 0):
 PSYoungGen      total 64000K, used 2533K [0x00000000ec100000, 0x00000000f0200000, 0x0000000100000000)
  eden space 61440K, 0% used [0x00000000ec100000,0x00000000ec100000,0x00000000efd00000)
  from space 2560K, 98% used [0x00000000eff80000,0x00000000f01f9738,0x00000000f0200000)
  to   space 2560K, 0% used [0x00000000efd00000,0x00000000efd00000,0x00000000eff80000)
 ParOldGen       total 40960K, used 5716K [0x00000000c4200000, 0x00000000c6a00000, 0x00000000ec100000)
  object space 40960K, 13% used [0x00000000c4200000,0x00000000c4795070,0x00000000c6a00000)
 Metaspace       used 14423K, capacity 14574K, committed 14976K, reserved 1062912K
  class space    used 1777K, capacity 1831K, committed 1920K, reserved 1048576K
}
Event: 70.637 GC heap before
{Heap before GC invocations=5 (full 0):
 PSYoungGen      total 64000K, used 63973K [0x00000000ec100000, 0x00000000f0200000, 0x0000000100000000)
  eden space 61440K, 100% used [0x00000000ec100000,0x00000000efd00000,0x00000000efd00000)
  from space 2560K, 98% used [0x00000000eff80000,0x00000000f01f9738,0x00000000f0200000)
  to   space 2560K, 0% used [0x00000000efd00000,0x00000000efd00000,0x00000000eff80000)
 ParOldGen       total 40960K, used 5716K [0x00000000c4200000, 0x00000000c6a00000, 0x00000000ec100000)
  object space 40960K, 13% used [0x00000000c4200000,0x00000000c4795070,0x00000000c6a00000)
 Metaspace       used 15262K, capacity 15422K, committed 15744K, reserved 1062912K
  class space    used 1806K, capacity 1871K, committed 1920K, reserved 1048576K

Deoptimization events (10 events):
Event: 69.950 Thread 0x00007ff16400a800 Uncommon trap: reason=class_check action=maybe_recompile pc=0x00007ff15539cf0c method=java.util.HashMap.putVal(ILjava/lang/Object;Ljava/lang/Object;ZZ)Ljava/lang/Object; @ 91
Event: 69.950 Thread 0x00007ff16400a800 Uncommon trap: reason=class_check action=maybe_recompile pc=0x00007ff15539cf0c method=java.util.HashMap.putVal(ILjava/lang/Object;Ljava/lang/Object;ZZ)Ljava/lang/Object; @ 91
Event: 69.978 Thread 0x00007ff16400a800 Uncommon trap: reason=unstable_if action=reinterpret pc=0x00007ff155852b50 method=net.sf.saxon.expr.parser.Tokenizer.next()V @ 114
Event: 69.989 Thread 0x00007ff16400a800 Uncommon trap: reason=class_check action=maybe_recompile pc=0x00007ff1559e6454 method=net.sf.saxon.expr.parser.TypeChecker.staticTypeCheck(Lnet/sf/saxon/expr/Expression;Lnet/sf/saxon/value/SequenceType;ZLnet/sf/saxon/expr/parser/RoleLocator;Lnet/sf/saxon/
Event: 69.990 Thread 0x00007ff16400a800 Uncommon trap: reason=class_check action=maybe_recompile pc=0x00007ff1559e6454 method=net.sf.saxon.expr.parser.TypeChecker.staticTypeCheck(Lnet/sf/saxon/expr/Expression;Lnet/sf/saxon/value/SequenceType;ZLnet/sf/saxon/expr/parser/RoleLocator;Lnet/sf/saxon/
Event: 69.990 Thread 0x00007ff16400a800 Uncommon trap: reason=class_check action=maybe_recompile pc=0x00007ff1559e6454 method=net.sf.saxon.expr.parser.TypeChecker.staticTypeCheck(Lnet/sf/saxon/expr/Expression;Lnet/sf/saxon/value/SequenceType;ZLnet/sf/saxon/expr/parser/RoleLocator;Lnet/sf/saxon/
Event: 69.990 Thread 0x00007ff16400a800 Uncommon trap: reason=class_check action=maybe_recompile pc=0x00007ff1559e6454 method=net.sf.saxon.expr.parser.TypeChecker.staticTypeCheck(Lnet/sf/saxon/expr/Expression;Lnet/sf/saxon/value/SequenceType;ZLnet/sf/saxon/expr/parser/RoleLocator;Lnet/sf/saxon/
Event: 70.165 Thread 0x00007ff16400a800 Uncommon trap: reason=class_check action=maybe_recompile pc=0x00007ff155708a0c method=com.thaiopensource.relaxng.pattern.OverlapDetector.checkOverlap(Lcom/thaiopensource/relaxng/pattern/NameClass;Lcom/thaiopensource/relaxng/pattern/NameClass;Ljava/lang/St
Event: 70.498 Thread 0x00007ff16400a800 Uncommon trap: reason=unstable_if action=reinterpret pc=0x00007ff1558b474c method=net.sf.saxon.expr.AxisExpression.getItemType(Lnet/sf/saxon/type/TypeHierarchy;)Lnet/sf/saxon/type/ItemType; @ 4
Event: 70.498 Thread 0x00007ff16400a800 Uncommon trap: reason=unstable_if action=reinterpret pc=0x00007ff15558410c method=net.sf.saxon.type.TypeHierarchy$ItemTypePair.equals(Ljava/lang/Object;)Z @ 37

Classes redefined (0 events):
No events

Internal exceptions (10 events):
Event: 0.552 Thread 0x00007ff16400a800 Exception <a 'java/security/PrivilegedActionException'> (0x00000000ec43b690) thrown at [/build/openjdk-8-pREaNj/openjdk-8-8u181-b13/src/hotspot/src/share/vm/prims/jvm.cpp, line 1435]
Event: 0.552 Thread 0x00007ff16400a800 Exception <a 'java/security/PrivilegedActionException'> (0x00000000ec43c578) thrown at [/build/openjdk-8-pREaNj/openjdk-8-8u181-b13/src/hotspot/src/share/vm/prims/jvm.cpp, line 1435]
Event: 0.552 Thread 0x00007ff16400a800 Exception <a 'java/security/PrivilegedActionException'> (0x00000000ec43c788) thrown at [/build/openjdk-8-pREaNj/openjdk-8-8u181-b13/src/hotspot/src/share/vm/prims/jvm.cpp, line 1435]
Event: 0.552 Thread 0x00007ff16400a800 Exception <a 'java/security/PrivilegedActionException'> (0x00000000ec43d658) thrown at [/build/openjdk-8-pREaNj/openjdk-8-8u181-b13/src/hotspot/src/share/vm/prims/jvm.cpp, line 1435]
Event: 0.552 Thread 0x00007ff16400a800 Exception <a 'java/security/PrivilegedActionException'> (0x00000000ec43d868) thrown at [/build/openjdk-8-pREaNj/openjdk-8-8u181-b13/src/hotspot/src/share/vm/prims/jvm.cpp, line 1435]
Event: 0.552 Thread 0x00007ff16400a800 Exception <a 'java/security/PrivilegedActionException'> (0x00000000ec43e780) thrown at [/build/openjdk-8-pREaNj/openjdk-8-8u181-b13/src/hotspot/src/share/vm/prims/jvm.cpp, line 1435]
Event: 0.552 Thread 0x00007ff16400a800 Exception <a 'java/security/PrivilegedActionException'> (0x00000000ec43e990) thrown at [/build/openjdk-8-pREaNj/openjdk-8-8u181-b13/src/hotspot/src/share/vm/prims/jvm.cpp, line 1435]
Event: 0.552 Thread 0x00007ff16400a800 Exception <a 'java/security/PrivilegedActionException'> (0x00000000ec43f8a8) thrown at [/build/openjdk-8-pREaNj/openjdk-8-8u181-b13/src/hotspot/src/share/vm/prims/jvm.cpp, line 1435]
Event: 0.552 Thread 0x00007ff16400a800 Exception <a 'java/security/PrivilegedActionException'> (0x00000000ec43fab8) thrown at [/build/openjdk-8-pREaNj/openjdk-8-8u181-b13/src/hotspot/src/share/vm/prims/jvm.cpp, line 1435]
Event: 68.929 Thread 0x00007ff16400a800 Implicit null exception at 0x00007ff1557452f9 to 0x00007ff1557455ed

Events (10 events):
Event: 70.399 Executing VM operation: ForceSafepoint done
Event: 70.498 Thread 0x00007ff16400a800 Uncommon trap: trap_request=0xffffff65 fr.pc=0x00007ff1558b474c
Event: 70.498 Thread 0x00007ff16400a800 DEOPT PACKING pc=0x00007ff1558b474c sp=0x00007ff16ca96b20
Event: 70.498 Thread 0x00007ff16400a800 DEOPT UNPACKING pc=0x00007ff15504547a sp=0x00007ff16ca96ad0 mode 2
Event: 70.498 Thread 0x00007ff16400a800 Uncommon trap: trap_request=0xffffff65 fr.pc=0x00007ff15558410c
Event: 70.498 Thread 0x00007ff16400a800 DEOPT PACKING pc=0x00007ff15558410c sp=0x00007ff16ca95e60
Event: 70.498 Thread 0x00007ff16400a800 DEOPT UNPACKING pc=0x00007ff15504547a sp=0x00007ff16ca95d30 mode 2
Event: 70.547 Executing VM operation: BulkRevokeBias
Event: 70.547 Executing VM operation: BulkRevokeBias done
Event: 70.591 Executing VM operation: ParallelGCFailedAllocation


Dynamic libraries:
00400000-00401000 r-xp 00000000 08:01 1459985                            /usr/lib/jvm/java-8-openjdk-amd64/jre/bin/java
00600000-00601000 r--p 00000000 08:01 1459985                            /usr/lib/jvm/java-8-openjdk-amd64/jre/bin/java
00601000-00602000 rw-p 00001000 08:01 1459985                            /usr/lib/jvm/java-8-openjdk-amd64/jre/bin/java
0073c000-0075d000 rw-p 00000000 00:00 0                                  [heap]
c4200000-c6a00000 rw-p 00000000 00:00 0 
c6a00000-ec100000 ---p 00000000 00:00 0 
ec100000-f0200000 rw-p 00000000 00:00 0 
f4c00000-100000000 ---p 00000000 00:00 0 
100000000-1001e0000 rw-p 00000000 00:00 0 
1001e0000-140000000 ---p 00000000 00:00 0 
7ff118000000-7ff118021000 rw-p 00000000 00:00 0 
7ff118021000-7ff11c000000 ---p 00000000 00:00 0 
7ff11c000000-7ff11c021000 rw-p 00000000 00:00 0 
7ff11c021000-7ff120000000 ---p 00000000 00:00 0 
7ff120000000-7ff1211a7000 rw-p 00000000 00:00 0 
7ff1211a7000-7ff124000000 ---p 00000000 00:00 0 
7ff124000000-7ff1247b1000 rw-p 00000000 00:00 0 
7ff1247b1000-7ff128000000 ---p 00000000 00:00 0 
7ff128000000-7ff128021000 rw-p 00000000 00:00 0 
7ff128021000-7ff12c000000 ---p 00000000 00:00 0 
7ff12c000000-7ff12dc1d000 rw-p 00000000 00:00 0 
7ff12dc1d000-7ff130000000 ---p 00000000 00:00 0 
7ff130000000-7ff130021000 rw-p 00000000 00:00 0 
7ff130021000-7ff134000000 ---p 00000000 00:00 0 
7ff134000000-7ff134021000 rw-p 00000000 00:00 0 
7ff134021000-7ff138000000 ---p 00000000 00:00 0 
7ff138000000-7ff138021000 rw-p 00000000 00:00 0 
7ff138021000-7ff13c000000 ---p 00000000 00:00 0 
7ff13c000000-7ff13c021000 rw-p 00000000 00:00 0 
7ff13c021000-7ff140000000 ---p 00000000 00:00 0 
7ff140000000-7ff140021000 rw-p 00000000 00:00 0 
7ff140021000-7ff144000000 ---p 00000000 00:00 0 
7ff148000000-7ff148021000 rw-p 00000000 00:00 0 
7ff148021000-7ff14c000000 ---p 00000000 00:00 0 
7ff14c459000-7ff14c5d9000 rw-p 00000000 00:00 0 
7ff14c5d9000-7ff14c659000 ---p 00000000 00:00 0 
7ff14c659000-7ff14c859000 rw-p 00000000 00:00 0 
7ff14c859000-7ff14ca59000 rw-p 00000000 00:00 0 
7ff14ca59000-7ff14ca5a000 ---p 00000000 00:00 0 
7ff14ca5a000-7ff14cb5a000 rw-p 00000000 00:00 0 
7ff14cb5a000-7ff14cb5d000 ---p 00000000 00:00 0 
7ff14cb5d000-7ff14cc5b000 rw-p 00000000 00:00 0 
7ff14cc5b000-7ff14cc5e000 ---p 00000000 00:00 0 
7ff14cc5e000-7ff14cd5c000 rw-p 00000000 00:00 0 
7ff14cd5c000-7ff14cd5f000 ---p 00000000 00:00 0 
7ff14cd5f000-7ff14ce5d000 rw-p 00000000 00:00 0 
7ff14ce5d000-7ff14ce60000 ---p 00000000 00:00 0 
7ff14ce60000-7ff14cf5e000 rw-p 00000000 00:00 0 
7ff14cf5e000-7ff14cf61000 ---p 00000000 00:00 0 
7ff14cf61000-7ff14d05f000 rw-p 00000000 00:00 0 
7ff14d05f000-7ff14dc0a000 r--p 00000000 08:01 1445099                    /usr/lib/locale/locale-archive
7ff14dc0a000-7ff14dc0d000 ---p 00000000 00:00 0 
7ff14dc0d000-7ff14dd0b000 rw-p 00000000 00:00 0 
7ff14dd0b000-7ff14dd0e000 ---p 00000000 00:00 0 
7ff14dd0e000-7ff14de0c000 rw-p 00000000 00:00 0 
7ff14de0c000-7ff14de0d000 ---p 00000000 00:00 0 
7ff14de0d000-7ff150000000 rw-p 00000000 00:00 0 
7ff150000000-7ff150021000 rw-p 00000000 00:00 0 
7ff150021000-7ff154000000 ---p 00000000 00:00 0 
7ff154039000-7ff15403a000 r--p 00000000 08:01 1442595                    /usr/share/locale-langpack/en_GB/LC_MESSAGES/libc.mo
7ff15403a000-7ff15403b000 r--s 003de000 08:01 661440                     /home/hal/Documents/GitHub/the-fall-of-western-man/e-book/FallofWesternMan.epub
7ff15403b000-7ff15404a000 r--s 000b0000 08:01 692643                     /home/hal/Documents/GitHub/the-fall-of-western-man/e-book/lib/jackson-mapper-asl-1.9.12.jar
7ff15404a000-7ff15404e000 r--s 00035000 08:01 692641                     /home/hal/Documents/GitHub/the-fall-of-western-man/e-book/lib/jackson-core-asl-1.9.12.jar
7ff15404e000-7ff154051000 r--s 00012000 08:01 692404                     /home/hal/Documents/GitHub/the-fall-of-western-man/e-book/lib/common-image-3.1.2.jar
7ff154051000-7ff154053000 r--s 00014000 08:01 692420                     /home/hal/Documents/GitHub/the-fall-of-western-man/e-book/lib/common-io-3.1.2.jar
7ff154053000-7ff154056000 r--s 0001a000 08:01 692488                     /home/hal/Documents/GitHub/the-fall-of-western-man/e-book/lib/common-lang-3.1.2.jar
7ff154056000-7ff154059000 r--s 0000e000 08:01 692636                     /home/hal/Documents/GitHub/the-fall-of-western-man/e-book/lib/imageio-metadata-3.1.2.jar
7ff154059000-7ff15405c000 r--s 0000c000 08:01 692587                     /home/hal/Documents/GitHub/the-fall-of-western-man/e-book/lib/imageio-core-3.1.2.jar
7ff15405c000-7ff15405e000 r--s 0000d000 08:01 692597                     /home/hal/Documents/GitHub/the-fall-of-western-man/e-book/lib/imageio-jpeg-3.1.2.jar
7ff15405e000-7ff154087000 r--s 001ee000 08:01 692575                     /home/hal/Documents/GitHub/the-fall-of-western-man/e-book/lib/guava-14.0.1.jar
7ff154087000-7ff15409a000 r--s 000a1000 08:01 692655                     /home/hal/Documents/GitHub/the-fall-of-western-man/e-book/lib/jing-20120724.0.0.jar
7ff15409a000-7ff1540c3000 r--s 0097f000 08:01 692287                     /home/hal/Documents/GitHub/the-fall-of-western-man/e-book/lib/Saxon-HE-9.5.1-5.jar
7ff1540c3000-7ff1540de000 r--s 00394000 08:01 1459888                    /usr/lib/jvm/java-8-openjdk-amd64/jre/lib/ext/cldrdata.jar
7ff1540de000-7ff1540f9000 r--s 001d6000 08:01 1459885                    /usr/lib/jvm/java-8-openjdk-amd64/jre/lib/ext/nashorn.jar
7ff1540f9000-7ff155000000 rw-p 00000000 00:00 0 
7ff155000000-7ff155d30000 rwxp 00000000 00:00 0 
7ff155d30000-7ff164000000 ---p 00000000 00:00 0 
7ff164000000-7ff16498e000 rw-p 00000000 00:00 0 
7ff16498e000-7ff168000000 ---p 00000000 00:00 0 
7ff168000000-7ff168005000 r--s 0003a000 08:01 692568                     /home/hal/Documents/GitHub/the-fall-of-western-man/e-book/lib/commons-compress-1.5.jar
7ff168005000-7ff168017000 r--s 000f3000 08:01 683877                     /home/hal/Documents/GitHub/the-fall-of-western-man/e-book/epubcheck.jar
7ff168017000-7ff16801d000 r--s 0003b000 08:01 1459894                    /usr/lib/jvm/java-8-openjdk-amd64/jre/lib/ext/sunjce_provider.jar
7ff16801d000-7ff16801f000 r--s 00008000 08:01 1459895                    /usr/lib/jvm/java-8-openjdk-amd64/jre/lib/ext/sunec.jar
7ff16801f000-7ff168029000 r--s 00116000 08:01 1459893                    /usr/lib/jvm/java-8-openjdk-amd64/jre/lib/ext/localedata.jar
7ff168029000-7ff16857c000 rw-p 00000000 00:00 0 
7ff16857c000-7ff16874b000 r--s 03c32000 08:01 1455415                    /usr/lib/jvm/java-8-openjdk-amd64/jre/lib/rt.jar
7ff16874b000-7ff16892a000 rw-p 00000000 00:00 0 
7ff16892a000-7ff16892b000 ---p 00000000 00:00 0 
7ff16892b000-7ff168a2b000 rw-p 00000000 00:00 0 
7ff168a2b000-7ff168a2c000 ---p 00000000 00:00 0 
7ff168a2c000-7ff168b2c000 rw-p 00000000 00:00 0 
7ff168b2c000-7ff168b2d000 ---p 00000000 00:00 0 
7ff168b2d000-7ff168c2d000 rw-p 00000000 00:00 0 
7ff168c2d000-7ff168c2e000 ---p 00000000 00:00 0 
7ff168c2e000-7ff168d42000 rw-p 00000000 00:00 0 
7ff168d42000-7ff168e6e000 ---p 00000000 00:00 0 
7ff168e6e000-7ff168e82000 rw-p 00000000 00:00 0 
7ff168e82000-7ff168fad000 ---p 00000000 00:00 0 
7ff168fad000-7ff168fce000 rw-p 00000000 00:00 0 
7ff168fce000-7ff16904d000 ---p 00000000 00:00 0 
7ff16904d000-7ff169083000 rw-p 00000000 00:00 0 
7ff169083000-7ff16940e000 ---p 00000000 00:00 0 
7ff16940e000-7ff169416000 r-xp 00000000 08:01 1459927                    /usr/lib/jvm/java-8-openjdk-amd64/jre/lib/amd64/libzip.so
7ff169416000-7ff169615000 ---p 00008000 08:01 1459927                    /usr/lib/jvm/java-8-openjdk-amd64/jre/lib/amd64/libzip.so
7ff169615000-7ff169616000 r--p 00007000 08:01 1459927                    /usr/lib/jvm/java-8-openjdk-amd64/jre/lib/amd64/libzip.so
7ff169616000-7ff169617000 rw-p 00008000 08:01 1459927                    /usr/lib/jvm/java-8-openjdk-amd64/jre/lib/amd64/libzip.so
7ff169617000-7ff169622000 r-xp 00000000 08:01 796206                     /lib/x86_64-linux-gnu/libnss_files-2.23.so
7ff169622000-7ff169821000 ---p 0000b000 08:01 796206                     /lib/x86_64-linux-gnu/libnss_files-2.23.so
7ff169821000-7ff169822000 r--p 0000a000 08:01 796206                     /lib/x86_64-linux-gnu/libnss_files-2.23.so
7ff169822000-7ff169823000 rw-p 0000b000 08:01 796206                     /lib/x86_64-linux-gnu/libnss_files-2.23.so
7ff169823000-7ff169829000 rw-p 00000000 00:00 0 
7ff169829000-7ff169834000 r-xp 00000000 08:01 796210                     /lib/x86_64-linux-gnu/libnss_nis-2.23.so
7ff169834000-7ff169a33000 ---p 0000b000 08:01 796210                     /lib/x86_64-linux-gnu/libnss_nis-2.23.so
7ff169a33000-7ff169a34000 r--p 0000a000 08:01 796210                     /lib/x86_64-linux-gnu/libnss_nis-2.23.so
7ff169a34000-7ff169a35000 rw-p 0000b000 08:01 796210                     /lib/x86_64-linux-gnu/libnss_nis-2.23.so
7ff169a35000-7ff169a4b000 r-xp 00000000 08:01 788815                     /lib/x86_64-linux-gnu/libnsl-2.23.so
7ff169a4b000-7ff169c4a000 ---p 00016000 08:01 788815                     /lib/x86_64-linux-gnu/libnsl-2.23.so
7ff169c4a000-7ff169c4b000 r--p 00015000 08:01 788815                     /lib/x86_64-linux-gnu/libnsl-2.23.so
7ff169c4b000-7ff169c4c000 rw-p 00016000 08:01 788815                     /lib/x86_64-linux-gnu/libnsl-2.23.so
7ff169c4c000-7ff169c4e000 rw-p 00000000 00:00 0 
7ff169c4e000-7ff169c56000 r-xp 00000000 08:01 796199                     /lib/x86_64-linux-gnu/libnss_compat-2.23.so
7ff169c56000-7ff169e55000 ---p 00008000 08:01 796199                     /lib/x86_64-linux-gnu/libnss_compat-2.23.so
7ff169e55000-7ff169e56000 r--p 00007000 08:01 796199                     /lib/x86_64-linux-gnu/libnss_compat-2.23.so
7ff169e56000-7ff169e57000 rw-p 00008000 08:01 796199                     /lib/x86_64-linux-gnu/libnss_compat-2.23.so
7ff169e57000-7ff169e84000 r-xp 00000000 08:01 1459949                    /usr/lib/jvm/java-8-openjdk-amd64/jre/lib/amd64/libjava.so
7ff169e84000-7ff16a083000 ---p 0002d000 08:01 1459949                    /usr/lib/jvm/java-8-openjdk-amd64/jre/lib/amd64/libjava.so
7ff16a083000-7ff16a084000 r--p 0002c000 08:01 1459949                    /usr/lib/jvm/java-8-openjdk-amd64/jre/lib/amd64/libjava.so
7ff16a084000-7ff16a086000 rw-p 0002d000 08:01 1459949                    /usr/lib/jvm/java-8-openjdk-amd64/jre/lib/amd64/libjava.so
7ff16a086000-7ff16a095000 r-xp 00000000 08:01 1459935                    /usr/lib/jvm/java-8-openjdk-amd64/jre/lib/amd64/libverify.so
7ff16a095000-7ff16a294000 ---p 0000f000 08:01 1459935                    /usr/lib/jvm/java-8-openjdk-amd64/jre/lib/amd64/libverify.so
7ff16a294000-7ff16a296000 r--p 0000e000 08:01 1459935                    /usr/lib/jvm/java-8-openjdk-amd64/jre/lib/amd64/libverify.so
7ff16a296000-7ff16a297000 rw-p 00010000 08:01 1459935                    /usr/lib/jvm/java-8-openjdk-amd64/jre/lib/amd64/libverify.so
7ff16a297000-7ff16a29e000 r-xp 00000000 08:01 796211                     /lib/x86_64-linux-gnu/librt-2.23.so
7ff16a29e000-7ff16a49d000 ---p 00007000 08:01 796211                     /lib/x86_64-linux-gnu/librt-2.23.so
7ff16a49d000-7ff16a49e000 r--p 00006000 08:01 796211                     /lib/x86_64-linux-gnu/librt-2.23.so
7ff16a49e000-7ff16a49f000 rw-p 00007000 08:01 796211                     /lib/x86_64-linux-gnu/librt-2.23.so
7ff16a49f000-7ff16a4b5000 r-xp 00000000 08:01 789099                     /lib/x86_64-linux-gnu/libgcc_s.so.1
7ff16a4b5000-7ff16a6b4000 ---p 00016000 08:01 789099                     /lib/x86_64-linux-gnu/libgcc_s.so.1
7ff16a6b4000-7ff16a6b5000 rw-p 00015000 08:01 789099                     /lib/x86_64-linux-gnu/libgcc_s.so.1
7ff16a6b5000-7ff16a7bd000 r-xp 00000000 08:01 788609                     /lib/x86_64-linux-gnu/libm-2.23.so
7ff16a7bd000-7ff16a9bc000 ---p 00108000 08:01 788609                     /lib/x86_64-linux-gnu/libm-2.23.so
7ff16a9bc000-7ff16a9bd000 r--p 00107000 08:01 788609                     /lib/x86_64-linux-gnu/libm-2.23.so
7ff16a9bd000-7ff16a9be000 rw-p 00108000 08:01 788609                     /lib/x86_64-linux-gnu/libm-2.23.so
7ff16a9be000-7ff16ab30000 r-xp 00000000 08:01 1439344                    /usr/lib/x86_64-linux-gnu/libstdc++.so.6.0.21
7ff16ab30000-7ff16ad30000 ---p 00172000 08:01 1439344                    /usr/lib/x86_64-linux-gnu/libstdc++.so.6.0.21
7ff16ad30000-7ff16ad3a000 r--p 00172000 08:01 1439344                    /usr/lib/x86_64-linux-gnu/libstdc++.so.6.0.21
7ff16ad3a000-7ff16ad3c000 rw-p 0017c000 08:01 1439344                    /usr/lib/x86_64-linux-gnu/libstdc++.so.6.0.21
7ff16ad3c000-7ff16ad40000 rw-p 00000000 00:00 0 
7ff16ad40000-7ff16b99d000 r-xp 00000000 08:01 1459902                    /usr/lib/jvm/java-8-openjdk-amd64/jre/lib/amd64/server/libjvm.so
7ff16b99d000-7ff16bb9d000 ---p 00c5d000 08:01 1459902                    /usr/lib/jvm/java-8-openjdk-amd64/jre/lib/amd64/server/libjvm.so
7ff16bb9d000-7ff16bc31000 r--p 00c5d000 08:01 1459902                    /usr/lib/jvm/java-8-openjdk-amd64/jre/lib/amd64/server/libjvm.so
7ff16bc31000-7ff16bc5a000 rw-p 00cf1000 08:01 1459902                    /usr/lib/jvm/java-8-openjdk-amd64/jre/lib/amd64/server/libjvm.so
7ff16bc5a000-7ff16bc8a000 rw-p 00000000 00:00 0 
7ff16bc8a000-7ff16bca2000 r-xp 00000000 08:01 788817                     /lib/x86_64-linux-gnu/libpthread-2.23.so
7ff16bca2000-7ff16bea1000 ---p 00018000 08:01 788817                     /lib/x86_64-linux-gnu/libpthread-2.23.so
7ff16bea1000-7ff16bea2000 r--p 00017000 08:01 788817                     /lib/x86_64-linux-gnu/libpthread-2.23.so
7ff16bea2000-7ff16bea3000 rw-p 00018000 08:01 788817                     /lib/x86_64-linux-gnu/libpthread-2.23.so
7ff16bea3000-7ff16bea7000 rw-p 00000000 00:00 0 
7ff16bea7000-7ff16beaa000 r-xp 00000000 08:01 796191                     /lib/x86_64-linux-gnu/libdl-2.23.so
7ff16beaa000-7ff16c0a9000 ---p 00003000 08:01 796191                     /lib/x86_64-linux-gnu/libdl-2.23.so
7ff16c0a9000-7ff16c0aa000 r--p 00002000 08:01 796191                     /lib/x86_64-linux-gnu/libdl-2.23.so
7ff16c0aa000-7ff16c0ab000 rw-p 00003000 08:01 796191                     /lib/x86_64-linux-gnu/libdl-2.23.so
7ff16c0ab000-7ff16c0c4000 r-xp 00000000 08:01 788580                     /lib/x86_64-linux-gnu/libz.so.1.2.8
7ff16c0c4000-7ff16c2c3000 ---p 00019000 08:01 788580                     /lib/x86_64-linux-gnu/libz.so.1.2.8
7ff16c2c3000-7ff16c2c4000 r--p 00018000 08:01 788580                     /lib/x86_64-linux-gnu/libz.so.1.2.8
7ff16c2c4000-7ff16c2c5000 rw-p 00019000 08:01 788580                     /lib/x86_64-linux-gnu/libz.so.1.2.8
7ff16c2c5000-7ff16c485000 r-xp 00000000 08:01 796189                     /lib/x86_64-linux-gnu/libc-2.23.so
7ff16c485000-7ff16c685000 ---p 001c0000 08:01 796189                     /lib/x86_64-linux-gnu/libc-2.23.so
7ff16c685000-7ff16c689000 r--p 001c0000 08:01 796189                     /lib/x86_64-linux-gnu/libc-2.23.so
7ff16c689000-7ff16c68b000 rw-p 001c4000 08:01 796189                     /lib/x86_64-linux-gnu/libc-2.23.so
7ff16c68b000-7ff16c68f000 rw-p 00000000 00:00 0 
7ff16c68f000-7ff16c69c000 r-xp 00000000 08:01 1459929                    /usr/lib/jvm/java-8-openjdk-amd64/jre/lib/amd64/jli/libjli.so
7ff16c69c000-7ff16c89c000 ---p 0000d000 08:01 1459929                    /usr/lib/jvm/java-8-openjdk-amd64/jre/lib/amd64/jli/libjli.so
7ff16c89c000-7ff16c89d000 r--p 0000d000 08:01 1459929                    /usr/lib/jvm/java-8-openjdk-amd64/jre/lib/amd64/jli/libjli.so
7ff16c89d000-7ff16c89e000 rw-p 0000e000 08:01 1459929                    /usr/lib/jvm/java-8-openjdk-amd64/jre/lib/amd64/jli/libjli.so
7ff16c89e000-7ff16c8c4000 r-xp 00000000 08:01 788816                     /lib/x86_64-linux-gnu/ld-2.23.so
7ff16c8c4000-7ff16c8c5000 r--s 00003000 08:01 692674                     /home/hal/Documents/GitHub/the-fall-of-western-man/e-book/lib/sac-1.3.jar
7ff16c8c5000-7ff16c8c8000 r--s 00038000 08:01 1459889                    /usr/lib/jvm/java-8-openjdk-amd64/jre/lib/ext/sunpkcs11.jar
7ff16c8c8000-7ff16c999000 rw-p 00000000 00:00 0 
7ff16c999000-7ff16c99c000 ---p 00000000 00:00 0 
7ff16c99c000-7ff16ca9e000 rw-p 00000000 00:00 0 
7ff16ca9e000-7ff16ca9f000 r--s 00010000 08:01 1459892                    /usr/lib/jvm/java-8-openjdk-amd64/jre/lib/ext/zipfs.jar
7ff16ca9f000-7ff16caa1000 r--s 00001000 08:01 1459891                    /usr/lib/jvm/java-8-openjdk-amd64/jre/lib/ext/dnsns.jar
7ff16caa1000-7ff16caa4000 r--s 0000f000 08:01 1459882                    /usr/lib/jvm/java-8-openjdk-amd64/jre/lib/ext/icedtea-sound.jar
7ff16caa4000-7ff16caa5000 r--s 0000a000 08:01 1459896                    /usr/lib/jvm/java-8-openjdk-amd64/jre/lib/ext/jaccess.jar
7ff16caa5000-7ff16cab8000 rw-p 00000000 00:00 0 
7ff16cab8000-7ff16cac0000 rw-s 00000000 08:01 405224                     /tmp/hsperfdata_hal/18660
7ff16cac0000-7ff16cac1000 rw-p 00000000 00:00 0 
7ff16cac1000-7ff16cac2000 ---p 00000000 00:00 0 
7ff16cac2000-7ff16cac3000 rw-p 00000000 00:00 0 
7ff16cac3000-7ff16cac4000 r--p 00025000 08:01 788816                     /lib/x86_64-linux-gnu/ld-2.23.so
7ff16cac4000-7ff16cac5000 rw-p 00026000 08:01 788816                     /lib/x86_64-linux-gnu/ld-2.23.so
7ff16cac5000-7ff16cac6000 rw-p 00000000 00:00 0 
7ffd2432f000-7ffd24350000 rw-p 00000000 00:00 0                          [stack]
7ffd243d7000-7ffd243d9000 r--p 00000000 00:00 0                          [vvar]
7ffd243d9000-7ffd243db000 r-xp 00000000 00:00 0                          [vdso]
ffffffffff600000-ffffffffff601000 r-xp 00000000 00:00 0                  [vsyscall]

VM Arguments:
java_command: epubcheck.jar FallofWesternMan.epub
java_class_path (initial): epubcheck.jar
Launcher Type: SUN_STANDARD

Environment Variables:
PATH=/usr/local/sbin:/usr/local/bin:/usr/sbin:/usr/bin:/sbin:/bin:/usr/games:/usr/local/games
SHELL=/bin/bash
DISPLAY=:0.0

Signal Handlers:
SIGSEGV: [libjvm.so+0xa71a30], sa_mask[0]=11111111011111111101111111111110, sa_flags=SA_RESTART|SA_SIGINFO
SIGBUS: [libjvm.so+0xa71a30], sa_mask[0]=11111111011111111101111111111110, sa_flags=SA_RESTART|SA_SIGINFO
SIGFPE: [libjvm.so+0x8b8f40], sa_mask[0]=11111111011111111101111111111110, sa_flags=SA_RESTART|SA_SIGINFO
SIGPIPE: [libjvm.so+0x8b8f40], sa_mask[0]=11111111011111111101111111111110, sa_flags=SA_RESTART|SA_SIGINFO
SIGXFSZ: [libjvm.so+0x8b8f40], sa_mask[0]=11111111011111111101111111111110, sa_flags=SA_RESTART|SA_SIGINFO
SIGILL: [libjvm.so+0x8b8f40], sa_mask[0]=11111111011111111101111111111110, sa_flags=SA_RESTART|SA_SIGINFO
SIGUSR1: SIG_DFL, sa_mask[0]=00000000000000000000000000000000, sa_flags=none
SIGUSR2: [libjvm.so+0x8b8df0], sa_mask[0]=00000000000000000000000000000000, sa_flags=SA_RESTART|SA_SIGINFO
SIGHUP: [libjvm.so+0x8b92c0], sa_mask[0]=11111111011111111101111111111110, sa_flags=SA_RESTART|SA_SIGINFO
SIGINT: [libjvm.so+0x8b92c0], sa_mask[0]=11111111011111111101111111111110, sa_flags=SA_RESTART|SA_SIGINFO
SIGTERM: [libjvm.so+0x8b92c0], sa_mask[0]=11111111011111111101111111111110, sa_flags=SA_RESTART|SA_SIGINFO
SIGQUIT: [libjvm.so+0x8b92c0], sa_mask[0]=11111111011111111101111111111110, sa_flags=SA_RESTART|SA_SIGINFO


---------------  S Y S T E M  ---------------

OS:DISTRIB_ID=Ubuntu
DISTRIB_RELEASE=16.04
DISTRIB_CODENAME=xenial
DISTRIB_DESCRIPTION="GalliumOS 2.1"

uname:Linux 4.8.17-galliumos #1 SMP PREEMPT galliumos4 Thu Feb 23 02:27:28 UTC 2017 x86_64
libc:glibc 2.23 NPTL 2.23 
rlimit: STACK 8192k, CORE 0k, NPROC 15221, NOFILE 1048576, AS infinity
load average:22.22 8.50 3.97

/proc/meminfo:
MemTotal:        3915936 kB
MemFree:           37916 kB
MemAvailable:      39052 kB
Buffers:            2748 kB
Cached:           139656 kB
SwapCached:         6340 kB
Active:           954204 kB
Inactive:         329708 kB
Active(anon):     937832 kB
Inactive(anon):   312676 kB
Active(file):      16372 kB
Inactive(file):    17032 kB
Unevictable:        1200 kB
Mlocked:            1200 kB
SwapTotal:       5873900 kB
SwapFree:            128 kB
Dirty:                28 kB
Writeback:             0 kB
AnonPages:       1138048 kB
Mapped:            50312 kB
Shmem:            108976 kB
Slab:             117676 kB
SReclaimable:      29904 kB
SUnreclaim:        87772 kB
KernelStack:       16224 kB
PageTables:        97796 kB
NFS_Unstable:          0 kB
Bounce:                0 kB
WritebackTmp:          0 kB
CommitLimit:     7831868 kB
Committed_AS:   25025984 kB
VmallocTotal:   34359738367 kB
VmallocUsed:           0 kB
VmallocChunk:          0 kB
HardwareCorrupted:     0 kB
CmaTotal:              0 kB
CmaFree:               0 kB
HugePages_Total:       0
HugePages_Free:        0
HugePages_Rsvd:        0
HugePages_Surp:        0
Hugepagesize:       2048 kB
DirectMap4k:     2196444 kB
DirectMap2M:     1865728 kB
DirectMap1G:           0 kB


CPU:total 4 (initial active 4) (2 cores per cpu, 2 threads per core) family 6 model 61 stepping 4, cmov, cx8, fxsr, mmx, sse, sse2, sse3, ssse3, sse4.1, sse4.2, popcnt, avx, avx2, aes, clmul, erms, 3dnowpref, lzcnt, ht, tsc, tscinvbit, bmi1, bmi2, adx

/proc/cpuinfo:
processor	: 0
vendor_id	: GenuineIntel
cpu family	: 6
model		: 61
model name	: Intel(R) Core(TM) i3-5005U CPU @ 2.00GHz
stepping	: 4
microcode	: 0x2a
cpu MHz		: 2001.000
cache size	: 3072 KB
physical id	: 0
siblings	: 4
core id		: 0
cpu cores	: 2
apicid		: 0
initial apicid	: 0
fpu		: yes
fpu_exception	: yes
cpuid level	: 20
wp		: yes
flags		: fpu vme de pse tsc msr pae mce cx8 apic sep mtrr pge mca cmov pat pse36 clflush dts acpi mmx fxsr sse sse2 ss ht tm pbe syscall nx pdpe1gb rdtscp lm constant_tsc arch_perfmon pebs bts rep_good nopl xtopology nonstop_tsc aperfmperf eagerfpu pni pclmulqdq dtes64 monitor ds_cpl vmx est tm2 ssse3 sdbg fma cx16 xtpr pdcm pcid sse4_1 sse4_2 x2apic movbe popcnt tsc_deadline_timer aes xsave avx f16c rdrand lahf_lm abm 3dnowprefetch epb intel_pt tpr_shadow vnmi flexpriority ept vpid fsgsbase tsc_adjust bmi1 avx2 smep bmi2 erms invpcid rdseed adx smap xsaveopt dtherm ida arat pln pts
bugs		:
bogomips	: 3990.96
clflush size	: 64
cache_alignment	: 64
address sizes	: 39 bits physical, 48 bits virtual
power management:

processor	: 1
vendor_id	: GenuineIntel
cpu family	: 6
model		: 61
model name	: Intel(R) Core(TM) i3-5005U CPU @ 2.00GHz
stepping	: 4
microcode	: 0x2a
cpu MHz		: 2001.000
cache size	: 3072 KB
physical id	: 0
siblings	: 4
core id		: 0
cpu cores	: 2
apicid		: 1
initial apicid	: 1
fpu		: yes
fpu_exception	: yes
cpuid level	: 20
wp		: yes
flags		: fpu vme de pse tsc msr pae mce cx8 apic sep mtrr pge mca cmov pat pse36 clflush dts acpi mmx fxsr sse sse2 ss ht tm pbe syscall nx pdpe1gb rdtscp lm constant_tsc arch_perfmon pebs bts rep_good nopl xtopology nonstop_tsc aperfmperf eagerfpu pni pclmulqdq dtes64 monitor ds_cpl vmx est tm2 ssse3 sdbg fma cx16 xtpr pdcm pcid sse4_1 sse4_2 x2apic movbe popcnt tsc_deadline_timer aes xsave avx f16c rdrand lahf_lm abm 3dnowprefetch epb intel_pt tpr_shadow vnmi flexpriority ept vpid fsgsbase tsc_adjust bmi1 avx2 smep bmi2 erms invpcid rdseed adx smap xsaveopt dtherm ida arat pln pts
bugs		:
bogomips	: 3998.25
clflush size	: 64
cache_alignment	: 64
address sizes	: 39 bits physical, 48 bits virtual
power management:

processor	: 2
vendor_id	: GenuineIntel
cpu family	: 6
model		: 61
model name	: Intel(R) Core(TM) i3-5005U CPU @ 2.00GHz
stepping	: 4
microcode	: 0x2a
cpu MHz		: 2001.000
cache size	: 3072 KB
physical id	: 0
siblings	: 4
core id		: 1
cpu cores	: 2
apicid		: 3
initial apicid	: 3
fpu		: yes
fpu_exception	: yes
cpuid level	: 20
wp		: yes
flags		: fpu vme de pse tsc msr pae mce cx8 apic sep mtrr pge mca cmov pat pse36 clflush dts acpi mmx fxsr sse sse2 ss ht tm pbe syscall nx pdpe1gb rdtscp lm constant_tsc arch_perfmon pebs bts rep_good nopl xtopology nonstop_tsc aperfmperf eagerfpu pni pclmulqdq dtes64 monitor ds_cpl vmx est tm2 ssse3 sdbg fma cx16 xtpr pdcm pcid sse4_1 sse4_2 x2apic movbe popcnt tsc_deadline_timer aes xsave avx f16c rdrand lahf_lm abm 3dnowprefetch epb intel_pt tpr_shadow vnmi flexpriority ept vpid fsgsbase tsc_adjust bmi1 avx2 smep bmi2 erms invpcid rdseed adx smap xsaveopt dtherm ida arat pln pts
bugs		:
bogomips	: 3997.90
clflush size	: 64
cache_alignment	: 64
address sizes	: 39 bits physical, 48 bits virtual
power management:

processor	: 3
vendor_id	: GenuineIntel
cpu family	: 6
model		: 61
model name	: Intel(R) Core(TM) i3-5005U CPU @ 2.00GHz
stepping	: 4
microcode	: 0x2a
cpu MHz		: 2001.000
cache size	: 3072 KB
physical id	: 0
siblings	: 4
core id		: 1
cpu cores	: 2
apicid		: 2
initial apicid	: 2
fpu		: yes
fpu_exception	: yes
cpuid level	: 20
wp		: yes
flags		: fpu vme de pse tsc msr pae mce cx8 apic sep mtrr pge mca cmov pat pse36 clflush dts acpi mmx fxsr sse sse2 ss ht tm pbe syscall nx pdpe1gb rdtscp lm constant_tsc arch_perfmon pebs bts rep_good nopl xtopology nonstop_tsc aperfmperf eagerfpu pni pclmulqdq dtes64 monitor ds_cpl vmx est tm2 ssse3 sdbg fma cx16 xtpr pdcm pcid sse4_1 sse4_2 x2apic movbe popcnt tsc_deadline_timer aes xsave avx f16c rdrand lahf_lm abm 3dnowprefetch epb intel_pt tpr_shadow vnmi flexpriority ept vpid fsgsbase tsc_adjust bmi1 avx2 smep bmi2 erms invpcid rdseed adx smap xsaveopt dtherm ida arat pln pts
bugs		:
bogomips	: 3996.41
clflush size	: 64
cache_alignment	: 64
address sizes	: 39 bits physical, 48 bits virtual
power management:



Memory: 4k page, physical 3915936k(37792k free), swap 5873900k(128k free)

vm_info: OpenJDK 64-Bit Server VM (25.181-b13) for linux-amd64 JRE (1.8.0_181-8u181-b13-0ubuntu0.16.04.1-b13), built on Jul 30 2018 21:06:27 by "buildd" with gcc 5.4.0 20160609

time: Thu Sep 13 20:17:29 2018
elapsed time: 71 seconds (0d 0h 1m 11s)

